
executed: nothing (index: none)
at: 07-Mar-2014 17:51:33
by user: ben, on host: Benjamins-iMac.local
comment: Testing a new recipe
with error: none

executed: RenderToolbox3ConfigurationTemplate (index: 0)
at: 07-Mar-2014 17:51:33
by user: ben, on host: Benjamins-iMac.local
comment: run automatically by ConfigureForRecipe
with error: none

executed: MakeSceneFiles (index: 0)
at: 07-Mar-2014 17:51:38
by user: ben, on host: Benjamins-iMac.local
comment: run automatically by MakeRecipeSceneFiles
with error: none

executed: BatchRender (index: 0)
at: 07-Mar-2014 17:51:40
by user: ben, on host: Benjamins-iMac.local
comment: run automatically by MakeRecipeRenderings
with error: none

executed: MakeMontage (index: 0)
at: 07-Mar-2014 17:51:41
by user: ben, on host: Benjamins-iMac.local
comment: run automatically by MakeRecipeMontage
with error: none
